# JRE version: Java(TM) SE Runtime Environment (17.0.11+7) (build 17.0.11+7-LTS-207)
# Java VM: Java HotSpot(TM) 64-Bit Server VM (17.0.11+7-LTS-207, mixed mode, emulated-client, sharing, tiered, compressed oops, compressed class ptrs, g1 gc, windows-amd64)
GC Precious Log:
 CPUs: 20 total, 20 available
 Memory: 32575M
 Large Page Support: Disabled
 NUMA Support: Disabled
 Compressed Oops: Enabled (Zero based)
 Heap Region Size: 4M
 Heap Min Capacity: 8M
 Heap Initial Capacity: 512M
 Heap Max Capacity: 8144M
 Pre-touch: Disabled
 Parallel Workers: 15
 Concurrent Workers: 4
 Concurrent Refinement Workers: 15
 Periodic GC: Disabled
Heap:
 garbage-first heap   total 98304K, used 49736K [0x0000000603000000, 0x0000000800000000)
  region size 4096K, 9 young (36864K), 1 survivors (4096K)
 Metaspace       used 41345K, committed 41728K, reserved 1114112K
  class space    used 5708K, committed 5888K, reserved 1048576K
GC Heap History (14 events):
Event: 0.538 GC heap before
{Heap before GC invocations=0 (full 0):
 garbage-first heap   total 524288K, used 24576K [0x0000000603000000, 0x0000000800000000)
  region size 4096K, 6 young (24576K), 0 survivors (0K)
 Metaspace       used 6136K, committed 6336K, reserved 1114112K
  class space    used 748K, committed 832K, reserved 1048576K
}
Event: 0.611 GC heap after
{Heap after GC invocations=1 (full 0):
 garbage-first heap   total 524288K, used 9422K [0x0000000603000000, 0x0000000800000000)
  region size 4096K, 1 young (4096K), 1 survivors (4096K)
 Metaspace       used 6136K, committed 6336K, reserved 1114112K
  class space    used 748K, committed 832K, reserved 1048576K
}
Event: 1.173 GC heap before
{Heap before GC invocations=1 (full 0):
 garbage-first heap   total 524288K, used 29902K [0x0000000603000000, 0x0000000800000000)
  region size 4096K, 6 young (24576K), 1 survivors (4096K)
 Metaspace       used 10604K, committed 10880K, reserved 1114112K
  class space    used 1423K, committed 1536K, reserved 1048576K
}
Event: 1.243 GC heap after
{Heap after GC invocations=2 (full 0):
 garbage-first heap   total 524288K, used 11512K [0x0000000603000000, 0x0000000800000000)
  region size 4096K, 1 young (4096K), 1 survivors (4096K)
 Metaspace       used 10604K, committed 10880K, reserved 1114112K
  class space    used 1423K, committed 1536K, reserved 1048576K
}
Event: 1.432 GC heap before
{Heap before GC invocations=2 (full 0):
 garbage-first heap   total 524288K, used 27896K [0x0000000603000000, 0x0000000800000000)
  region size 4096K, 6 young (24576K), 1 survivors (4096K)
 Metaspace       used 15474K, committed 15744K, reserved 1114112K
  class space    used 2042K, committed 2176K, reserved 1048576K
}
Event: 1.434 GC heap after
{Heap after GC invocations=3 (full 0):
 garbage-first heap   total 524288K, used 12194K [0x0000000603000000, 0x0000000800000000)
  region size 4096K, 1 young (4096K), 1 survivors (4096K)
 Metaspace       used 15474K, committed 15744K, reserved 1114112K
  class space    used 2042K, committed 2176K, reserved 1048576K
}
Event: 2.006 GC heap before
{Heap before GC invocations=3 (full 0):
 garbage-first heap   total 524288K, used 61346K [0x0000000603000000, 0x0000000800000000)
  region size 4096K, 14 young (57344K), 1 survivors (4096K)
 Metaspace       used 21195K, committed 21504K, reserved 1114112K
  class space    used 2794K, committed 2944K, reserved 1048576K
}
Event: 2.055 GC heap after
{Heap after GC invocations=4 (full 0):
 garbage-first heap   total 524288K, used 15258K [0x0000000603000000, 0x0000000800000000)
  region size 4096K, 2 young (8192K), 2 survivors (8192K)
 Metaspace       used 21195K, committed 21504K, reserved 1114112K
  class space    used 2794K, committed 2944K, reserved 1048576K
}
Event: 2.424 GC heap before
{Heap before GC invocations=5 (full 0):
 garbage-first heap   total 81920K, used 56218K [0x0000000603000000, 0x0000000800000000)
  region size 4096K, 12 young (49152K), 2 survivors (8192K)
 Metaspace       used 28155K, committed 28480K, reserved 1114112K
  class space    used 3863K, committed 3968K, reserved 1048576K
}
Event: 2.471 GC heap after
{Heap after GC invocations=6 (full 0):
 garbage-first heap   total 303104K, used 17743K [0x0000000603000000, 0x0000000800000000)
  region size 4096K, 2 young (8192K), 2 survivors (8192K)
 Metaspace       used 28155K, committed 28480K, reserved 1114112K
  class space    used 3863K, committed 3968K, reserved 1048576K
}
Event: 2.541 GC heap before
{Heap before GC invocations=6 (full 0):
 garbage-first heap   total 303104K, used 21839K [0x0000000603000000, 0x0000000800000000)
  region size 4096K, 3 young (12288K), 2 survivors (8192K)
 Metaspace       used 28721K, committed 29056K, reserved 1114112K
  class space    used 4004K, committed 4160K, reserved 1048576K
}
Event: 2.664 GC heap after
{Heap after GC invocations=7 (full 0):
 garbage-first heap   total 303104K, used 18396K [0x0000000603000000, 0x0000000800000000)
  region size 4096K, 1 young (4096K), 1 survivors (4096K)
 Metaspace       used 28721K, committed 29056K, reserved 1114112K
  class space    used 4004K, committed 4160K, reserved 1048576K
}
Event: 3.633 GC heap before
{Heap before GC invocations=7 (full 0):
 garbage-first heap   total 303104K, used 59356K [0x0000000603000000, 0x0000000800000000)
  region size 4096K, 12 young (49152K), 1 survivors (4096K)
 Metaspace       used 35605K, committed 35968K, reserved 1114112K
  class space    used 4942K, committed 5120K, reserved 1048576K
}
Event: 3.703 GC heap after
{Heap after GC invocations=8 (full 0):
 garbage-first heap   total 303104K, used 21064K [0x0000000603000000, 0x0000000800000000)
  region size 4096K, 1 young (4096K), 1 survivors (4096K)
 Metaspace       used 35605K, committed 35968K, reserved 1114112K
  class space    used 4942K, committed 5120K, reserved 1048576K
}

